[35m[Appium][39m Welcome to Appium v1.20.2
[35m[Appium][39m Non-default server args:
[35m[Appium][39m   port: 51019
[35m[Appium][39m   loglevel: info
[35m[Appium][39m   tmpDir: C:\Users\roshn\AppData\Local\Temp\\Katalon\Appium\Temp1612261406494
[35m[Appium][39m   chromedriverPort: 51020
[35m[Appium][39m Deprecated server args:
[35m[Appium][39m   [31m--chromedriver-port[39m => --default-capabilities
[35m[Appium][39m Default capabilities, which will be added to each request unless overridden by desired capabilities:
[35m[Appium][39m   chromedriverPort: 51020
[35m[Appium][39m Appium REST http interface listener started on 0.0.0.0:51019
[35m[HTTP][39m [37m-->[39m [37mGET[39m [37m/wd/hub/status[39m
[35m[HTTP][39m [90m{}[39m
[35m[HTTP][39m [37m<-- GET /wd/hub/status [39m[32m200[39m [90m13 ms - 68[39m
[35m[HTTP][39m [90m[39m
[35m[HTTP][39m [37m-->[39m [37mGET[39m [37m/wd/hub/status[39m
[35m[HTTP][39m [90m{}[39m
[35m[HTTP][39m [37m<-- GET /wd/hub/status [39m[32m200[39m [90m2 ms - 68[39m
[35m[HTTP][39m [90m[39m
[35m[HTTP][39m [37m-->[39m [37mPOST[39m [37m/wd/hub/session[39m
[35m[HTTP][39m [90m{"desiredCapabilities":{"app":"C:\\Users\\roshn\\Katalon Studio\\Mb001\\androidapp\\APIDemos.apk","noReset":true,"deviceName":"Xiaomi POCO M2 Pro (Android 10)","fullReset":false,"platform":"ANDROID","newCommandTimeout":1800,"platformVersion":"10","automationName":"uiautomator2","autoGrantPermissions":true,"platformName":"Android","udid":"58781314","systemPort":51026},"capabilities":{"firstMatch":[{"appium:app":"C:\\Users\\roshn\\Katalon Studio\\Mb001\\androidapp\\APIDemos.apk","appium:autoGrantPermissions":true,"appium:automationName":"uiautomator2","appium:deviceName":"Xiaomi POCO M2 Pro (Android 10)","appium:fullReset":false,"appium:newCommandTimeout":1800,"appium:noReset":true,"platform":"ANDROID","platformName":"android","appium:platformVersion":"10","appium:systemPort":51026,"appium:udid":"58781314"}]}}[39m
[35m[BaseDriver][39m The following capabilities are not standard capabilities and should have an extension prefix:
[35m[BaseDriver][39m   platform
[35m[BaseDriver][39m   chromedriverPort
[35m[Appium][39m Appium v1.20.2 creating new AndroidUiautomator2Driver (v1.61.2) session
[35m[BaseDriver][39m The following capabilities were provided, but are not recognized by Appium:
[35m[BaseDriver][39m   platform
[35m[BaseDriver][39m Session created with session id: 7184dd13-4ed6-4038-abd9-03f012b5b728
[35m[BaseDriver][39m Using local app 'C:\Users\roshn\Katalon Studio\Mb001\androidapp\APIDemos.apk'
[35m[ADB][39m Found 1 'build-tools' folders under 'C:\Users\roshn\.katalon\tools\android_sdk' (newest first):
[35m[ADB][39m     C:/Users/roshn/.katalon/tools/android_sdk/build-tools/29.0.3
[35m[ADB][39m Using 'adb.exe' from 'C:\Users\roshn\.katalon\tools\android_sdk\platform-tools\adb.exe'
[35m[AndroidDriver][39m Retrieving device list
[35m[AndroidDriver][39m Using device: 58781314
[35m[ADB][39m Using 'adb.exe' from 'C:\Users\roshn\.katalon\tools\android_sdk\platform-tools\adb.exe'
[35m[ADB][39m Getting device platform version
[35m[UiAutomator2][39m Relaxing hidden api policy
[35m[ADB][39m Package name: 'com.hmh.api'
[35m[ADB][39m Main activity name: 'com.hmh.api.ApiDemos'
[35m[ADB][39m Using 'apksigner.jar' from 'C:\Users\roshn\.katalon\tools\android_sdk\build-tools\29.0.3\lib\apksigner.jar'
[35m[ADB][39m 'C:\Users\roshn\AppData\Roaming\npm\node_modules\appium\node_modules\appium-uiautomator2-server\apks\appium-uiautomator2-server-v4.17.4.apk' is signed with the default certificate
[35m[ADB][39m 'C:\Users\roshn\AppData\Roaming\npm\node_modules\appium\node_modules\appium-uiautomator2-server\apks\appium-uiautomator2-server-debug-androidTest.apk' is signed with the default certificate
[35m[UiAutomator2][39m Server packages are not going to be (re)installed
[35m[ADB][39m Adding packages ["io.appium.settings","io.appium.uiautomator2.server","io.appium.uiautomator2.server.test"] to Doze whitelist
[35m[ADB][39m 'C:\Users\roshn\Katalon Studio\Mb001\androidapp\APIDemos.apk' is signed with the default certificate
[35m[UiAutomator2][39m Starting UIAutomator2 server 4.17.4
[35m[UiAutomator2][39m Using UIAutomator2 server from 'C:\Users\roshn\AppData\Roaming\npm\node_modules\appium\node_modules\appium-uiautomator2-server\apks\appium-uiautomator2-server-v4.17.4.apk' and test from 'C:\Users\roshn\AppData\Roaming\npm\node_modules\appium\node_modules\appium-uiautomator2-server\apks\appium-uiautomator2-server-debug-androidTest.apk'
[35m[UiAutomator2][39m Waiting up to 30000ms for UiAutomator2 to be online...
[35m[WD Proxy][39m socket hang up
[35m[WD Proxy][39m socket hang up
[35m[WD Proxy][39m socket hang up
[35m[WD Proxy][39m socket hang up
[35m[WD Proxy][39m socket hang up
[35m[WD Proxy][39m Determined the downstream protocol as 'W3C'
[35m[AndroidDriver][39m Screen already unlocked, doing nothing
[35m[UiAutomator2][39m Starting 'com.hmh.api/com.hmh.api.ApiDemos and waiting for 'com.hmh.api/com.hmh.api.ApiDemos'
[35m[Appium][39m New AndroidUiautomator2Driver session created successfully, session 7184dd13-4ed6-4038-abd9-03f012b5b728 added to master session list
[35m[HTTP][39m [37m<-- POST /wd/hub/session [39m[32m200[39m [90m12741 ms - 1270[39m
[35m[HTTP][39m [90m[39m
[35m[HTTP][39m [37m-->[39m [37mGET[39m [37m/wd/hub/session/7184dd13-4ed6-4038-abd9-03f012b5b728[39m
[35m[HTTP][39m [90m{}[39m
[35m[HTTP][39m [37m<-- GET /wd/hub/session/7184dd13-4ed6-4038-abd9-03f012b5b728 [39m[32m200[39m [90m13 ms - 1224[39m
[35m[HTTP][39m [90m[39m
[35m[HTTP][39m [37m-->[39m [37mGET[39m [37m/wd/hub/session/7184dd13-4ed6-4038-abd9-03f012b5b728[39m
[35m[HTTP][39m [90m{}[39m
[35m[HTTP][39m [37m<-- GET /wd/hub/session/7184dd13-4ed6-4038-abd9-03f012b5b728 [39m[32m200[39m [90m11 ms - 1224[39m
[35m[HTTP][39m [90m[39m
[35m[HTTP][39m [37m-->[39m [37mGET[39m [37m/wd/hub/status[39m
[35m[HTTP][39m [90m{}[39m
[35m[HTTP][39m [37m<-- GET /wd/hub/status [39m[32m200[39m [90m1 ms - 68[39m
[35m[HTTP][39m [90m[39m
[35m[HTTP][39m [37m-->[39m [37mPOST[39m [37m/wd/hub/session/7184dd13-4ed6-4038-abd9-03f012b5b728/timeouts[39m
[35m[HTTP][39m [90m{"implicit":60000}[39m
[35m[HTTP][39m [37m<-- POST /wd/hub/session/7184dd13-4ed6-4038-abd9-03f012b5b728/timeouts [39m[32m200[39m [90m4 ms - 14[39m
[35m[HTTP][39m [90m[39m
[35m[HTTP][39m [37m-->[39m [37mGET[39m [37m/wd/hub/session/7184dd13-4ed6-4038-abd9-03f012b5b728/source[39m
[35m[HTTP][39m [90m{}[39m
[35m[W3C (7184dd13)][39m Driver proxy active, passing request on via HTTP proxy
[35m[WD Proxy][39m Replacing sessionId 05824115-f521-4c2d-8edf-edcfa3516901 with 7184dd13-4ed6-4038-abd9-03f012b5b728
[35m[HTTP][39m [37m<-- GET /wd/hub/session/7184dd13-4ed6-4038-abd9-03f012b5b728/source [39m[32m200[39m [90m249 ms - 29682[39m
[35m[HTTP][39m [90m[39m
[35m[HTTP][39m [37m-->[39m [37mGET[39m [37m/wd/hub/session/7184dd13-4ed6-4038-abd9-03f012b5b728/screenshot[39m
[35m[HTTP][39m [90m{}[39m
[35m[HTTP][39m [37m<-- GET /wd/hub/session/7184dd13-4ed6-4038-abd9-03f012b5b728/screenshot [39m[32m200[39m [90m697 ms - 561374[39m
[35m[HTTP][39m [90m[39m
[35m[HTTP][39m [37m-->[39m [37mGET[39m [37m/wd/hub/session/7184dd13-4ed6-4038-abd9-03f012b5b728/source[39m
[35m[HTTP][39m [90m{}[39m
[35m[W3C (7184dd13)][39m Driver proxy active, passing request on via HTTP proxy
[35m[WD Proxy][39m Replacing sessionId 05824115-f521-4c2d-8edf-edcfa3516901 with 7184dd13-4ed6-4038-abd9-03f012b5b728
[35m[HTTP][39m [37m<-- GET /wd/hub/session/7184dd13-4ed6-4038-abd9-03f012b5b728/source [39m[32m200[39m [90m127 ms - 7654[39m
[35m[HTTP][39m [90m[39m
[35m[HTTP][39m [37m-->[39m [37mGET[39m [37m/wd/hub/session/7184dd13-4ed6-4038-abd9-03f012b5b728/screenshot[39m
[35m[HTTP][39m [90m{}[39m
[35m[HTTP][39m [37m<-- GET /wd/hub/session/7184dd13-4ed6-4038-abd9-03f012b5b728/screenshot [39m[32m200[39m [90m479 ms - 96934[39m
[35m[HTTP][39m [90m[39m
[35m[HTTP][39m [37m-->[39m [37mPOST[39m [37m/wd/hub/session/7184dd13-4ed6-4038-abd9-03f012b5b728/elements[39m
[35m[HTTP][39m [90m{"using":"id","value":"android:id/text1"}[39m
[35m[HTTP][39m [37m<-- POST /wd/hub/session/7184dd13-4ed6-4038-abd9-03f012b5b728/elements [39m[32m200[39m [90m60648 ms - 12[39m
[35m[HTTP][39m [90m[39m
[35m[HTTP][39m [37m-->[39m [37mPOST[39m [37m/wd/hub/session/7184dd13-4ed6-4038-abd9-03f012b5b728/elements[39m
[35m[HTTP][39m [90m{"using":"-android uiautomator","value":"new UiSelector().className(\"android.widget.TextView\").text(\"Media\").resourceId(\"android:id/text1\").packageName(\"com.hmh.api\").enabled(true).clickable(true).longClickable(false).checkable(false).checked(false).focusable(false).focused(false).scrollable(false).selected(false).index(5)"}[39m
[35m[HTTP][39m [37m<-- POST /wd/hub/session/7184dd13-4ed6-4038-abd9-03f012b5b728/elements [39m[32m200[39m [90m55464 ms - 139[39m
[35m[HTTP][39m [90m[39m
[35m[HTTP][39m [37m-->[39m [37mGET[39m [37m/wd/hub/session/7184dd13-4ed6-4038-abd9-03f012b5b728/window/rect[39m
[35m[HTTP][39m [90m{}[39m
[35m[HTTP][39m [37m<-- GET /wd/hub/session/7184dd13-4ed6-4038-abd9-03f012b5b728/window/rect [39m[32m200[39m [90m40 ms - 50[39m
[35m[HTTP][39m [90m[39m
[35m[HTTP][39m [37m-->[39m [37mPOST[39m [37m/wd/hub/session/7184dd13-4ed6-4038-abd9-03f012b5b728/elements[39m
[35m[HTTP][39m [90m{"using":"-android uiautomator","value":"new UiSelector().className(\"android.widget.TextView\").text(\"Media\").resourceId(\"android:id/text1\").packageName(\"com.hmh.api\").enabled(true).clickable(true).longClickable(false).checkable(false).checked(false).focusable(false).focused(false).scrollable(false).selected(false).index(5)"}[39m
[35m[HTTP][39m [37m<-- POST /wd/hub/session/7184dd13-4ed6-4038-abd9-03f012b5b728/elements [39m[32m200[39m [90m61027 ms - 12[39m
[35m[HTTP][39m [90m[39m
[35m[HTTP][39m [37m-->[39m [37mPOST[39m [37m/wd/hub/session/7184dd13-4ed6-4038-abd9-03f012b5b728/elements[39m
[35m[HTTP][39m [90m{"using":"id","value":"android:id/text1"}[39m
[35m[HTTP][39m [37m<-- POST /wd/hub/session/7184dd13-4ed6-4038-abd9-03f012b5b728/elements [39m[32m200[39m [90m60074 ms - 12[39m
[35m[HTTP][39m [90m[39m
[35m[HTTP][39m [37m-->[39m [37mPOST[39m [37m/wd/hub/session/7184dd13-4ed6-4038-abd9-03f012b5b728/elements[39m
[35m[HTTP][39m [90m{"using":"-android uiautomator","value":"new UiSelector().className(\"android.widget.TextView\").text(\"Animation\").resourceId(\"android:id/text1\").packageName(\"com.hmh.api\").enabled(true).clickable(true).longClickable(false).checkable(false).checked(false).focusable(false).focused(false).scrollable(false).selected(false).index(1)"}[39m
[35m[HTTP][39m [37m<-- POST /wd/hub/session/7184dd13-4ed6-4038-abd9-03f012b5b728/elements [39m[32m200[39m [90m60442 ms - 12[39m
[35m[HTTP][39m [90m[39m
[35m[HTTP][39m [37m-->[39m [37mGET[39m [37m/wd/hub/session/7184dd13-4ed6-4038-abd9-03f012b5b728/window/rect[39m
[35m[HTTP][39m [90m{}[39m
[35m[HTTP][39m [37m<-- GET /wd/hub/session/7184dd13-4ed6-4038-abd9-03f012b5b728/window/rect [39m[32m200[39m [90m59 ms - 50[39m
[35m[HTTP][39m [90m[39m
[35m[HTTP][39m [37m-->[39m [37mPOST[39m [37m/wd/hub/session/7184dd13-4ed6-4038-abd9-03f012b5b728/elements[39m
[35m[HTTP][39m [90m{"using":"xpath","value":"//hierarchy/android.widget.FrameLayout[1]/android.view.ViewGroup[1]/android.widget.FrameLayout[2]/android.widget.ListView[1]/android.widget.TextView[2]"}[39m
[35m[HTTP][39m [37m<-- POST /wd/hub/session/7184dd13-4ed6-4038-abd9-03f012b5b728/elements [39m[32m200[39m [90m60002 ms - 12[39m
[35m[HTTP][39m [90m[39m
[35m[HTTP][39m [37m-->[39m [37mPOST[39m [37m/wd/hub/session/7184dd13-4ed6-4038-abd9-03f012b5b728/elements[39m
[35m[HTTP][39m [90m{"using":"id","value":"android:id/text1"}[39m
[35m[HTTP][39m [37m<-- POST /wd/hub/session/7184dd13-4ed6-4038-abd9-03f012b5b728/elements [39m[32m200[39m [90m60181 ms - 12[39m
[35m[HTTP][39m [90m[39m
[35m[HTTP][39m [37m-->[39m [37mPOST[39m [37m/wd/hub/session/7184dd13-4ed6-4038-abd9-03f012b5b728/elements[39m
[35m[HTTP][39m [90m{"using":"-android uiautomator","value":"new UiSelector().className(\"android.widget.TextView\").text(\"Animation\").resourceId(\"android:id/text1\").packageName(\"com.hmh.api\").enabled(true).clickable(true).longClickable(false).checkable(false).checked(false).focusable(false).focused(false).scrollable(false).selected(false).index(1)"}[39m
[35m[HTTP][39m [37m<-- POST /wd/hub/session/7184dd13-4ed6-4038-abd9-03f012b5b728/elements [39m[32m200[39m [90m60271 ms - 12[39m
[35m[HTTP][39m [90m[39m
[35m[HTTP][39m [37m-->[39m [37mGET[39m [37m/wd/hub/session/7184dd13-4ed6-4038-abd9-03f012b5b728/window/rect[39m
[35m[HTTP][39m [90m{}[39m
[35m[HTTP][39m [37m<-- GET /wd/hub/session/7184dd13-4ed6-4038-abd9-03f012b5b728/window/rect [39m[32m200[39m [90m24 ms - 50[39m
[35m[HTTP][39m [90m[39m
[35m[HTTP][39m [37m-->[39m [37mPOST[39m [37m/wd/hub/session/7184dd13-4ed6-4038-abd9-03f012b5b728/elements[39m
[35m[HTTP][39m [90m{"using":"xpath","value":"//hierarchy/android.widget.FrameLayout[1]/android.view.ViewGroup[1]/android.widget.FrameLayout[2]/android.widget.ListView[1]/android.widget.TextView[2]"}[39m
[35m[HTTP][39m [37m<-- POST /wd/hub/session/7184dd13-4ed6-4038-abd9-03f012b5b728/elements [39m[32m200[39m [90m60427 ms - 12[39m
[35m[HTTP][39m [90m[39m
[35m[BaseDriver][39m Shutting down because we waited 1800 seconds for a command
[35m[Appium][39m Closing session, cause was 'New Command Timeout of 1800 seconds expired. Try customizing the timeout using the 'newCommandTimeout' desired capability'
[35m[Appium][39m Removing session '7184dd13-4ed6-4038-abd9-03f012b5b728' from our master session list
[35m[UiAutomator2][39m Restoring hidden api policy to the device default configuration
[35m[HTTP][39m [37m-->[39m [37mDELETE[39m [37m/wd/hub/session/7184dd13-4ed6-4038-abd9-03f012b5b728[39m
[35m[HTTP][39m [90m{}[39m
[35m[HTTP][39m [37m<-- DELETE /wd/hub/session/7184dd13-4ed6-4038-abd9-03f012b5b728 [39m[33m404[39m [90m72 ms - 2396[39m
[35m[HTTP][39m [90m[39m
